<?xml version="1.0" encoding="UTF-8"?>
<testng-results ignored="0" total="1" passed="1" failed="0" skipped="0">
  <reporter-output>
  </reporter-output>
  <suite started-at="2021-12-25T13:31:56 IST" name="Default suite" finished-at="2021-12-25T13:31:59 IST" duration-ms="2824">
    <groups>
    </groups>
    <test started-at="2021-12-25T13:31:56 IST" name="Default test" finished-at="2021-12-25T13:31:59 IST" duration-ms="2824">
      <class name="tests.xmlSchemaValidation">
        <test-method signature="schemaValidation()[pri:0, instance:tests.xmlSchemaValidation@37654521]" started-at="2021-12-25T13:31:56 IST" name="schemaValidation" finished-at="2021-12-25T13:31:59 IST" duration-ms="2792" status="PASS">
          <reporter-output>
          </reporter-output>
        </test-method> <!-- schemaValidation -->
      </class> <!-- tests.xmlSchemaValidation -->
    </test> <!-- Default test -->
  </suite> <!-- Default suite -->
</testng-results>
